  Animation.cpp
C:\Users\sydneylu\source\repos\Test\Character.h(7,11): error C3646: 'position_': unknown override specifier
C:\Users\sydneylu\source\repos\Test\Character.h(7,20): error C4430: missing type specifier - int assumed. Note: C++ does not support default-int
C:\Users\sydneylu\source\repos\Test\Character.h(8,10): error C3646: 'texture_': unknown override specifier
C:\Users\sydneylu\source\repos\Test\Character.h(8,18): error C4430: missing type specifier - int assumed. Note: C++ does not support default-int
C:\Users\sydneylu\source\repos\Test\Character.h(11,12): error C3646: 'orientation_': unknown override specifier
C:\Users\sydneylu\source\repos\Test\Character.h(11,25): error C2059: syntax error: '='
C:\Users\sydneylu\source\repos\Test\Character.h(11,31): error C2238: unexpected token(s) preceding ';'
C:\Users\sydneylu\source\repos\Test\Character.h(12,11): error C3646: 'direction': unknown override specifier
C:\Users\sydneylu\source\repos\Test\Character.h(12,21): error C2059: syntax error: '='
C:\Users\sydneylu\source\repos\Test\Character.h(12,23): error C2334: unexpected token(s) preceding '{'; skipping apparent function body
C:\Users\sydneylu\source\repos\Test\Character.h(13,8): error C3646: 'textBack_': unknown override specifier
C:\Users\sydneylu\source\repos\Test\Character.h(13,17): error C4430: missing type specifier - int assumed. Note: C++ does not support default-int
C:\Users\sydneylu\source\repos\Test\Character.h(14,9): error C3646: 'sprite_': unknown override specifier
C:\Users\sydneylu\source\repos\Test\Character.h(14,16): error C4430: missing type specifier - int assumed. Note: C++ does not support default-int
C:\Users\sydneylu\source\repos\Test\Character.h(17,53): error C2039: 'string': is not a member of 'std'
C:\Users\sydneylu\source\repos\Test\predefined C++ types (compiler internal)(340): message : see declaration of 'std'
C:\Users\sydneylu\source\repos\Test\Character.h(17,11): error C4430: missing type specifier - int assumed. Note: C++ does not support default-int
C:\Users\sydneylu\source\repos\Test\Character.h(17,60): error C2146: syntax error: missing ')' before identifier 'img_loc'
C:\Users\sydneylu\source\repos\Test\Character.h(17,60): error C3646: 'img_loc': unknown override specifier
C:\Users\sydneylu\source\repos\Test\Character.h(17,11): error C2059: syntax error: ')'
C:\Users\sydneylu\source\repos\Test\Character.h(18,11): error C3646: 'getPosition': unknown override specifier
C:\Users\sydneylu\source\repos\Test\Character.h(18,22): error C2059: syntax error: '('
C:\Users\sydneylu\source\repos\Test\Character.h(18,24): error C2238: unexpected token(s) preceding ';'
C:\Users\sydneylu\source\repos\Test\Character.h(21,12): error C3646: 'getSpriteBounds': unknown override specifier
C:\Users\sydneylu\source\repos\Test\Character.h(21,27): error C2059: syntax error: '('
C:\Users\sydneylu\source\repos\Test\Character.h(21,29): error C2238: unexpected token(s) preceding ';'
C:\Users\sydneylu\source\repos\Test\Character.h(23,10): error C3646: 'getTexture': unknown override specifier
C:\Users\sydneylu\source\repos\Test\Character.h(23,20): error C2059: syntax error: '('
C:\Users\sydneylu\source\repos\Test\Character.h(23,22): error C2238: unexpected token(s) preceding ';'
C:\Users\sydneylu\source\repos\Test\Character.h(24,23): error C2039: 'string': is not a member of 'std'
C:\Users\sydneylu\source\repos\Test\predefined C++ types (compiler internal)(340): message : see declaration of 'std'
C:\Users\sydneylu\source\repos\Test\Character.h(24,30): error C2061: syntax error: identifier 'string'
C:\Users\sydneylu\source\repos\Test\Character.h(25,9): error C3646: 'getSprite': unknown override specifier
C:\Users\sydneylu\source\repos\Test\Character.h(25,18): error C2059: syntax error: '('
C:\Users\sydneylu\source\repos\Test\Character.h(25,20): error C2238: unexpected token(s) preceding ';'
C:\Users\sydneylu\source\repos\Test\Character.h(27,22): error C2061: syntax error: identifier 'Direction'
C:\Users\sydneylu\source\repos\Test\Character.h(28,12): error C3646: 'getOrientation': unknown override specifier
C:\Users\sydneylu\source\repos\Test\Character.h(28,26): error C2059: syntax error: '('
C:\Users\sydneylu\source\repos\Test\Character.h(28,28): error C2238: unexpected token(s) preceding ';'
C:\Users\sydneylu\source\repos\Test\Character.h(30,11): error C3646: 'updateDirection': unknown override specifier
C:\Users\sydneylu\source\repos\Test\Character.h(30,26): error C2059: syntax error: '('
C:\Users\sydneylu\source\repos\Test\Character.h(30,28): error C2238: unexpected token(s) preceding ';'
C:\Users\sydneylu\source\repos\Test\Character.h(31,11): error C3646: 'zeroDirection': unknown override specifier
C:\Users\sydneylu\source\repos\Test\Character.h(31,24): error C2059: syntax error: '('
C:\Users\sydneylu\source\repos\Test\Character.h(31,26): error C2238: unexpected token(s) preceding ';'
C:\Users\sydneylu\source\repos\Test\Character.h(34,14): error C2061: syntax error: identifier 'Time'
C:\Users\sydneylu\source\repos\Test\Character.h(37,20): error C2061: syntax error: identifier 'Direction'
C:\Users\sydneylu\source\repos\Test\Character.h(38,11): error C3646: 'getDirection': unknown override specifier
C:\Users\sydneylu\source\repos\Test\Character.h(38,23): error C2059: syntax error: '('
C:\Users\sydneylu\source\repos\Test\Character.h(38,25): error C2238: unexpected token(s) preceding ';'
C:\Users\sydneylu\source\repos\Test\Player.h(10,7): error C2039: 'string': is not a member of 'std'
C:\Users\sydneylu\source\repos\Test\predefined C++ types (compiler internal)(340): message : see declaration of 'std'
C:\Users\sydneylu\source\repos\Test\Player.h(10,14): error C3646: 'text_loc': unknown override specifier
C:\Users\sydneylu\source\repos\Test\Player.h(10,23): error C2059: syntax error: '='
C:\Users\sydneylu\source\repos\Test\Player.h(10,48): error C2238: unexpected token(s) preceding ';'
C:\Users\sydneylu\source\repos\Test\Player.h(11,11): error C3646: 'position_': unknown override specifier
C:\Users\sydneylu\source\repos\Test\Player.h(11,20): error C4430: missing type specifier - int assumed. Note: C++ does not support default-int
C:\Users\sydneylu\source\repos\Test\Player.h(14,40): error C2039: 'string': is not a member of 'std'
C:\Users\sydneylu\source\repos\Test\predefined C++ types (compiler internal)(340): message : see declaration of 'std'
C:\Users\sydneylu\source\repos\Test\Player.h(14,8): error C2061: syntax error: identifier 'string'
C:\Users\sydneylu\source\repos\Test\Player.h(17,11): error C3646: 'getPosition': unknown override specifier
C:\Users\sydneylu\source\repos\Test\Player.h(17,22): error C2059: syntax error: '('
C:\Users\sydneylu\source\repos\Test\Player.h(17,24): error C2238: unexpected token(s) preceding ';'
C:\Users\sydneylu\source\repos\Test\Mon.h(10,7): error C2039: 'string': is not a member of 'std'
C:\Users\sydneylu\source\repos\Test\predefined C++ types (compiler internal)(340): message : see declaration of 'std'
C:\Users\sydneylu\source\repos\Test\Mon.h(10,14): error C3646: 'text_loc': unknown override specifier
C:\Users\sydneylu\source\repos\Test\Mon.h(10,23): error C2059: syntax error: '='
C:\Users\sydneylu\source\repos\Test\Mon.h(10,47): error C2238: unexpected token(s) preceding ';'
C:\Users\sydneylu\source\repos\Test\Mon.h(11,8): error C3646: 'state_': unknown override specifier
C:\Users\sydneylu\source\repos\Test\Mon.h(11,14): error C4430: missing type specifier - int assumed. Note: C++ does not support default-int
C:\Users\sydneylu\source\repos\Test\Mon.h(12,12): error C3646: 'hitbox_': unknown override specifier
C:\Users\sydneylu\source\repos\Test\Mon.h(12,19): error C4430: missing type specifier - int assumed. Note: C++ does not support default-int
C:\Users\sydneylu\source\repos\Test\Mon.h(16,37): error C2039: 'string': is not a member of 'std'
C:\Users\sydneylu\source\repos\Test\predefined C++ types (compiler internal)(340): message : see declaration of 'std'
C:\Users\sydneylu\source\repos\Test\Mon.h(16,5): error C2061: syntax error: identifier 'string'
C:\Users\sydneylu\source\repos\Test\Mon.h(17,12): error C3646: 'randDir': unknown override specifier
C:\Users\sydneylu\source\repos\Test\Mon.h(17,19): error C2059: syntax error: '('
C:\Users\sydneylu\source\repos\Test\Mon.h(17,28): error C2238: unexpected token(s) preceding ';'
C:\Users\sydneylu\source\repos\Test\Mon.h(18,16): error C2061: syntax error: identifier 'Time'
C:\Users\sydneylu\source\repos\Test\Mon.h(21,8): error C3646: 'getState': unknown override specifier
C:\Users\sydneylu\source\repos\Test\Mon.h(21,16): error C2059: syntax error: '('
C:\Users\sydneylu\source\repos\Test\Mon.h(21,18): error C2238: unexpected token(s) preceding ';'
C:\Users\sydneylu\source\repos\Test\Mon.h(22,12): error C3646: 'getGlobalHitbox': unknown override specifier
C:\Users\sydneylu\source\repos\Test\Mon.h(22,27): error C2059: syntax error: '('
C:\Users\sydneylu\source\repos\Test\Mon.h(22,29): error C2238: unexpected token(s) preceding ';'
C:\Users\sydneylu\source\repos\Test\Mon.h(23,16): error C2061: syntax error: identifier 'State'
C:\Users\sydneylu\source\repos\Test\Mon.h(24,19): error C2061: syntax error: identifier 'Time'
C:\Users\sydneylu\source\repos\Test\Background.h(22,14): error C3646: 'background': unknown override specifier
C:\Users\sydneylu\source\repos\Test\Background.h(22,24): error C4430: missing type specifier - int assumed. Note: C++ does not support default-int
C:\Users\sydneylu\source\repos\Test\Background.h(23,10): error C3646: 'ssTrans': unknown override specifier
C:\Users\sydneylu\source\repos\Test\Background.h(23,17): error C4430: missing type specifier - int assumed. Note: C++ does not support default-int
C:\Users\sydneylu\source\repos\Test\Background.h(24,8): error C3646: 'spritesheet': unknown override specifier
C:\Users\sydneylu\source\repos\Test\Background.h(24,19): error C4430: missing type specifier - int assumed. Note: C++ does not support default-int
C:\Users\sydneylu\source\repos\Test\Background.h(25,9): error C3646: 'sprites': unknown override specifier
C:\Users\sydneylu\source\repos\Test\Background.h(25,16): error C2143: syntax error: missing ',' before '['
C:\Users\sydneylu\source\repos\Test\Background.h(25,36): error C2238: unexpected token(s) preceding ';'
C:\Users\sydneylu\source\repos\Test\Background.h(26,12): error C3646: 'hitboxes': unknown override specifier
C:\Users\sydneylu\source\repos\Test\Background.h(26,20): error C2143: syntax error: missing ',' before '['
C:\Users\sydneylu\source\repos\Test\Background.h(26,44): error C2238: unexpected token(s) preceding ';'
C:\Users\sydneylu\source\repos\Test\Background.h(30,22): error C2061: syntax error: identifier 'VertexArray'
C:\Users\sydneylu\source\repos\Test\Background.h(33,14): error C3646: 'getBackground': unknown override specifier
C:\Users\sydneylu\source\repos\Test\Background.h(33,27): error C2059: syntax error: '('
C:\Users\sydneylu\source\repos\Test\Background.h(33,29): error C2238: unexpected token(s) preceding ';'
C:\Users\sydneylu\source\repos\Test\Background.h(34,9): error C2143: syntax error: missing ';' before '&'
C:\Users\sydneylu\source\repos\Test\Background.h(34,9): error C4430: missing type specifier - int assumed. Note: C++ does not support default-int
C:\Users\sydneylu\source\repos\Test\Background.h(34,23): error C2238: unexpected token(s) preceding ';'
C:\Users\sydneylu\source\repos\Test\Background.h(35,8): error C2143: syntax error: missing ';' before '*'
C:\Users\sydneylu\source\repos\Test\Background.h(35,8): error C4430: missing type specifier - int assumed. Note: C++ does not support default-int
C:\Users\sydneylu\source\repos\Test\Background.h(35,22): error C2238: unexpected token(s) preceding ';'
C:\Users\sydneylu\source\repos\Test\Background.h(36,11): error C2143: syntax error: missing ';' before '*'
C:\Users\sydneylu\source\repos\Test\Background.h(36,11): error C4430: missing type specifier - int assumed. Note: C++ does not support default-int
C:\Users\sydneylu\source\repos\Test\Background.h(36,26): error C2238: unexpected token(s) preceding ';'
C:\Users\sydneylu\source\repos\Test\Background.h(37,32): error C2061: syntax error: identifier 'Time'
  Character.cpp
C:\Users\sydneylu\source\repos\Test\Character.h(7,11): error C3646: 'position_': unknown override specifier
C:\Users\sydneylu\source\repos\Test\Character.h(7,20): error C4430: missing type specifier - int assumed. Note: C++ does not support default-int
C:\Users\sydneylu\source\repos\Test\Character.h(8,10): error C3646: 'texture_': unknown override specifier
C:\Users\sydneylu\source\repos\Test\Character.h(8,18): error C4430: missing type specifier - int assumed. Note: C++ does not support default-int
C:\Users\sydneylu\source\repos\Test\Character.h(11,12): error C3646: 'orientation_': unknown override specifier
C:\Users\sydneylu\source\repos\Test\Character.h(11,25): error C2059: syntax error: '='
C:\Users\sydneylu\source\repos\Test\Character.h(11,31): error C2238: unexpected token(s) preceding ';'
C:\Users\sydneylu\source\repos\Test\Character.h(12,11): error C3646: 'direction': unknown override specifier
C:\Users\sydneylu\source\repos\Test\Character.h(12,21): error C2059: syntax error: '='
C:\Users\sydneylu\source\repos\Test\Character.h(12,23): error C2334: unexpected token(s) preceding '{'; skipping apparent function body
C:\Users\sydneylu\source\repos\Test\Character.h(13,8): error C3646: 'textBack_': unknown override specifier
C:\Users\sydneylu\source\repos\Test\Character.h(13,17): error C4430: missing type specifier - int assumed. Note: C++ does not support default-int
C:\Users\sydneylu\source\repos\Test\Character.h(14,9): error C3646: 'sprite_': unknown override specifier
C:\Users\sydneylu\source\repos\Test\Character.h(14,16): error C4430: missing type specifier - int assumed. Note: C++ does not support default-int
C:\Users\sydneylu\source\repos\Test\Character.h(17,53): error C2039: 'string': is not a member of 'std'
C:\Users\sydneylu\source\repos\Test\predefined C++ types (compiler internal)(340): message : see declaration of 'std'
C:\Users\sydneylu\source\repos\Test\Character.h(17,11): error C4430: missing type specifier - int assumed. Note: C++ does not support default-int
C:\Users\sydneylu\source\repos\Test\Character.h(17,60): error C2146: syntax error: missing ')' before identifier 'img_loc'
C:\Users\sydneylu\source\repos\Test\Character.h(17,60): error C3646: 'img_loc': unknown override specifier
C:\Users\sydneylu\source\repos\Test\Character.h(17,11): error C2059: syntax error: ')'
C:\Users\sydneylu\source\repos\Test\Character.h(18,11): error C3646: 'getPosition': unknown override specifier
C:\Users\sydneylu\source\repos\Test\Character.h(18,22): error C2059: syntax error: '('
C:\Users\sydneylu\source\repos\Test\Character.h(18,24): error C2238: unexpected token(s) preceding ';'
C:\Users\sydneylu\source\repos\Test\Character.h(21,12): error C3646: 'getSpriteBounds': unknown override specifier
C:\Users\sydneylu\source\repos\Test\Character.h(21,27): error C2059: syntax error: '('
C:\Users\sydneylu\source\repos\Test\Character.h(21,29): error C2238: unexpected token(s) preceding ';'
C:\Users\sydneylu\source\repos\Test\Character.h(23,10): error C3646: 'getTexture': unknown override specifier
C:\Users\sydneylu\source\repos\Test\Character.h(23,20): error C2059: syntax error: '('
C:\Users\sydneylu\source\repos\Test\Character.h(23,22): error C2238: unexpected token(s) preceding ';'
C:\Users\sydneylu\source\repos\Test\Character.h(24,23): error C2039: 'string': is not a member of 'std'
C:\Users\sydneylu\source\repos\Test\predefined C++ types (compiler internal)(340): message : see declaration of 'std'
C:\Users\sydneylu\source\repos\Test\Character.h(24,30): error C2061: syntax error: identifier 'string'
C:\Users\sydneylu\source\repos\Test\Character.h(25,9): error C3646: 'getSprite': unknown override specifier
C:\Users\sydneylu\source\repos\Test\Character.h(25,18): error C2059: syntax error: '('
C:\Users\sydneylu\source\repos\Test\Character.h(25,20): error C2238: unexpected token(s) preceding ';'
C:\Users\sydneylu\source\repos\Test\Character.h(27,22): error C2061: syntax error: identifier 'Direction'
C:\Users\sydneylu\source\repos\Test\Character.h(28,12): error C3646: 'getOrientation': unknown override specifier
C:\Users\sydneylu\source\repos\Test\Character.h(28,26): error C2059: syntax error: '('
C:\Users\sydneylu\source\repos\Test\Character.h(28,28): error C2238: unexpected token(s) preceding ';'
C:\Users\sydneylu\source\repos\Test\Character.h(30,11): error C3646: 'updateDirection': unknown override specifier
C:\Users\sydneylu\source\repos\Test\Character.h(30,26): error C2059: syntax error: '('
C:\Users\sydneylu\source\repos\Test\Character.h(30,28): error C2238: unexpected token(s) preceding ';'
C:\Users\sydneylu\source\repos\Test\Character.h(31,11): error C3646: 'zeroDirection': unknown override specifier
C:\Users\sydneylu\source\repos\Test\Character.h(31,24): error C2059: syntax error: '('
C:\Users\sydneylu\source\repos\Test\Character.h(31,26): error C2238: unexpected token(s) preceding ';'
C:\Users\sydneylu\source\repos\Test\Character.h(34,14): error C2061: syntax error: identifier 'Time'
C:\Users\sydneylu\source\repos\Test\Character.h(37,20): error C2061: syntax error: identifier 'Direction'
C:\Users\sydneylu\source\repos\Test\Character.h(38,11): error C3646: 'getDirection': unknown override specifier
C:\Users\sydneylu\source\repos\Test\Character.h(38,23): error C2059: syntax error: '('
C:\Users\sydneylu\source\repos\Test\Character.h(38,25): error C2238: unexpected token(s) preceding ';'
C:\Users\sydneylu\source\repos\Test\Player.h(10,7): error C2039: 'string': is not a member of 'std'
C:\Users\sydneylu\source\repos\Test\predefined C++ types (compiler internal)(340): message : see declaration of 'std'
C:\Users\sydneylu\source\repos\Test\Player.h(10,14): error C3646: 'text_loc': unknown override specifier
C:\Users\sydneylu\source\repos\Test\Player.h(10,23): error C2059: syntax error: '='
C:\Users\sydneylu\source\repos\Test\Player.h(10,48): error C2238: unexpected token(s) preceding ';'
C:\Users\sydneylu\source\repos\Test\Player.h(11,11): error C3646: 'position_': unknown override specifier
C:\Users\sydneylu\source\repos\Test\Player.h(11,20): error C4430: missing type specifier - int assumed. Note: C++ does not support default-int
C:\Users\sydneylu\source\repos\Test\Player.h(14,40): error C2039: 'string': is not a member of 'std'
C:\Users\sydneylu\source\repos\Test\predefined C++ types (compiler internal)(340): message : see declaration of 'std'
C:\Users\sydneylu\source\repos\Test\Player.h(14,8): error C2061: syntax error: identifier 'string'
C:\Users\sydneylu\source\repos\Test\Player.h(17,11): error C3646: 'getPosition': unknown override specifier
C:\Users\sydneylu\source\repos\Test\Player.h(17,22): error C2059: syntax error: '('
C:\Users\sydneylu\source\repos\Test\Player.h(17,24): error C2238: unexpected token(s) preceding ';'
C:\Users\sydneylu\source\repos\Test\Mon.h(10,7): error C2039: 'string': is not a member of 'std'
C:\Users\sydneylu\source\repos\Test\predefined C++ types (compiler internal)(340): message : see declaration of 'std'
C:\Users\sydneylu\source\repos\Test\Mon.h(10,14): error C3646: 'text_loc': unknown override specifier
C:\Users\sydneylu\source\repos\Test\Mon.h(10,23): error C2059: syntax error: '='
C:\Users\sydneylu\source\repos\Test\Mon.h(10,47): error C2238: unexpected token(s) preceding ';'
C:\Users\sydneylu\source\repos\Test\Mon.h(11,8): error C3646: 'state_': unknown override specifier
C:\Users\sydneylu\source\repos\Test\Mon.h(11,14): error C4430: missing type specifier - int assumed. Note: C++ does not support default-int
C:\Users\sydneylu\source\repos\Test\Mon.h(12,12): error C3646: 'hitbox_': unknown override specifier
C:\Users\sydneylu\source\repos\Test\Mon.h(12,19): error C4430: missing type specifier - int assumed. Note: C++ does not support default-int
C:\Users\sydneylu\source\repos\Test\Mon.h(16,37): error C2039: 'string': is not a member of 'std'
C:\Users\sydneylu\source\repos\Test\predefined C++ types (compiler internal)(340): message : see declaration of 'std'
C:\Users\sydneylu\source\repos\Test\Mon.h(16,5): error C2061: syntax error: identifier 'string'
C:\Users\sydneylu\source\repos\Test\Mon.h(17,12): error C3646: 'randDir': unknown override specifier
C:\Users\sydneylu\source\repos\Test\Mon.h(17,19): error C2059: syntax error: '('
C:\Users\sydneylu\source\repos\Test\Mon.h(17,28): error C2238: unexpected token(s) preceding ';'
C:\Users\sydneylu\source\repos\Test\Mon.h(18,16): error C2061: syntax error: identifier 'Time'
C:\Users\sydneylu\source\repos\Test\Mon.h(21,8): error C3646: 'getState': unknown override specifier
C:\Users\sydneylu\source\repos\Test\Mon.h(21,16): error C2059: syntax error: '('
C:\Users\sydneylu\source\repos\Test\Mon.h(21,18): error C2238: unexpected token(s) preceding ';'
C:\Users\sydneylu\source\repos\Test\Mon.h(22,12): error C3646: 'getGlobalHitbox': unknown override specifier
C:\Users\sydneylu\source\repos\Test\Mon.h(22,27): error C2059: syntax error: '('
C:\Users\sydneylu\source\repos\Test\Mon.h(22,29): error C2238: unexpected token(s) preceding ';'
C:\Users\sydneylu\source\repos\Test\Mon.h(23,16): error C2061: syntax error: identifier 'State'
C:\Users\sydneylu\source\repos\Test\Mon.h(24,19): error C2061: syntax error: identifier 'Time'
C:\Users\sydneylu\source\repos\Test\Background.h(22,14): error C3646: 'background': unknown override specifier
C:\Users\sydneylu\source\repos\Test\Background.h(22,24): error C4430: missing type specifier - int assumed. Note: C++ does not support default-int
C:\Users\sydneylu\source\repos\Test\Background.h(23,10): error C3646: 'ssTrans': unknown override specifier
C:\Users\sydneylu\source\repos\Test\Background.h(23,17): error C4430: missing type specifier - int assumed. Note: C++ does not support default-int
C:\Users\sydneylu\source\repos\Test\Background.h(24,8): error C3646: 'spritesheet': unknown override specifier
C:\Users\sydneylu\source\repos\Test\Background.h(24,19): error C4430: missing type specifier - int assumed. Note: C++ does not support default-int
C:\Users\sydneylu\source\repos\Test\Background.h(25,9): error C3646: 'sprites': unknown override specifier
C:\Users\sydneylu\source\repos\Test\Background.h(25,16): error C2143: syntax error: missing ',' before '['
C:\Users\sydneylu\source\repos\Test\Background.h(25,36): error C2238: unexpected token(s) preceding ';'
C:\Users\sydneylu\source\repos\Test\Background.h(26,12): error C3646: 'hitboxes': unknown override specifier
C:\Users\sydneylu\source\repos\Test\Background.h(26,20): error C2143: syntax error: missing ',' before '['
C:\Users\sydneylu\source\repos\Test\Background.h(26,44): error C2238: unexpected token(s) preceding ';'
C:\Users\sydneylu\source\repos\Test\Background.h(30,22): error C2061: syntax error: identifier 'VertexArray'
C:\Users\sydneylu\source\repos\Test\Background.h(33,14): error C3646: 'getBackground': unknown override specifier
C:\Users\sydneylu\source\repos\Test\Background.h(33,27): error C2059: syntax error: '('
C:\Users\sydneylu\source\repos\Test\Background.h(33,29): error C2238: unexpected token(s) preceding ';'
C:\Users\sydneylu\source\repos\Test\Background.h(34,9): error C2143: syntax error: missing ';' before '&'
C:\Users\sydneylu\source\repos\Test\Background.h(34,9): error C4430: missing type specifier - int assumed. Note: C++ does not support default-int
C:\Users\sydneylu\source\repos\Test\Background.h(34,23): error C2238: unexpected token(s) preceding ';'
C:\Users\sydneylu\source\repos\Test\Background.h(35,8): error C2143: syntax error: missing ';' before '*'
C:\Users\sydneylu\source\repos\Test\Background.h(35,8): error C4430: missing type specifier - int assumed. Note: C++ does not support default-int
C:\Users\sydneylu\source\repos\Test\Background.h(35,22): error C2238: unexpected token(s) preceding ';'
C:\Users\sydneylu\source\repos\Test\Background.h(36,11): error C2143: syntax error: missing ';' before '*'
C:\Users\sydneylu\source\repos\Test\Background.h(36,11): error C4430: missing type specifier - int assumed. Note: C++ does not support default-int
C:\Users\sydneylu\source\repos\Test\Background.h(36,26): error C2238: unexpected token(s) preceding ';'
C:\Users\sydneylu\source\repos\Test\Background.h(37,32): error C2061: syntax error: identifier 'Time'
C:\Users\sydneylu\source\repos\Test\Character.cpp(6,79): error C2511: 'Character::Character(float,float,const std::string)': overloaded member function not found in 'Character'
C:\Users\sydneylu\source\repos\Test\Character.h(5): message : see declaration of 'Character'
C:\Users\sydneylu\source\repos\Test\Character.cpp(7,2): error C2065: 'position_': undeclared identifier
C:\Users\sydneylu\source\repos\Test\Character.cpp(8,2): error C2065: 'position_': undeclared identifier
C:\Users\sydneylu\source\repos\Test\Character.cpp(9,20): error C2660: 'Character::setTexture': function does not take 1 arguments
C:\Users\sydneylu\source\repos\Test\Character.h(24,7): message : see declaration of 'Character::setTexture'
C:\Users\sydneylu\source\repos\Test\Character.cpp(10,2): error C2065: 'sprite_': undeclared identifier
C:\Users\sydneylu\source\repos\Test\Character.cpp(10,21): error C2065: 'texture_': undeclared identifier
C:\Users\sydneylu\source\repos\Test\Character.cpp(11,2): error C2352: 'Character::setSprite': illegal call of non-static member function
C:\Users\sydneylu\source\repos\Test\Character.h(26): message : see declaration of 'Character::setSprite'
C:\Users\sydneylu\source\repos\Test\Character.cpp(19,21): error C2039: 'getPosition': is not a member of 'Character'
C:\Users\sydneylu\source\repos\Test\Character.h(5): message : see declaration of 'Character'
C:\Users\sydneylu\source\repos\Test\Character.cpp(19,32): fatal error C1003: error count exceeds 100; stopping compilation
  Background.cpp
C:\Users\sydneylu\source\repos\Test\Character.h(7,11): error C3646: 'position_': unknown override specifier
C:\Users\sydneylu\source\repos\Test\Character.h(7,20): error C4430: missing type specifier - int assumed. Note: C++ does not support default-int
C:\Users\sydneylu\source\repos\Test\Character.h(8,10): error C3646: 'texture_': unknown override specifier
C:\Users\sydneylu\source\repos\Test\Character.h(8,18): error C4430: missing type specifier - int assumed. Note: C++ does not support default-int
C:\Users\sydneylu\source\repos\Test\Character.h(11,12): error C3646: 'orientation_': unknown override specifier
C:\Users\sydneylu\source\repos\Test\Character.h(11,25): error C2059: syntax error: '='
C:\Users\sydneylu\source\repos\Test\Character.h(11,31): error C2238: unexpected token(s) preceding ';'
C:\Users\sydneylu\source\repos\Test\Character.h(12,11): error C3646: 'direction': unknown override specifier
C:\Users\sydneylu\source\repos\Test\Character.h(12,21): error C2059: syntax error: '='
C:\Users\sydneylu\source\repos\Test\Character.h(12,23): error C2334: unexpected token(s) preceding '{'; skipping apparent function body
C:\Users\sydneylu\source\repos\Test\Character.h(13,8): error C3646: 'textBack_': unknown override specifier
C:\Users\sydneylu\source\repos\Test\Character.h(13,17): error C4430: missing type specifier - int assumed. Note: C++ does not support default-int
C:\Users\sydneylu\source\repos\Test\Character.h(14,9): error C3646: 'sprite_': unknown override specifier
C:\Users\sydneylu\source\repos\Test\Character.h(14,16): error C4430: missing type specifier - int assumed. Note: C++ does not support default-int
C:\Users\sydneylu\source\repos\Test\Character.h(17,53): error C2039: 'string': is not a member of 'std'
C:\Users\sydneylu\source\repos\Test\predefined C++ types (compiler internal)(340): message : see declaration of 'std'
C:\Users\sydneylu\source\repos\Test\Character.h(17,11): error C4430: missing type specifier - int assumed. Note: C++ does not support default-int
C:\Users\sydneylu\source\repos\Test\Character.h(17,60): error C2146: syntax error: missing ')' before identifier 'img_loc'
C:\Users\sydneylu\source\repos\Test\Character.h(17,60): error C3646: 'img_loc': unknown override specifier
C:\Users\sydneylu\source\repos\Test\Character.h(17,11): error C2059: syntax error: ')'
C:\Users\sydneylu\source\repos\Test\Character.h(18,11): error C3646: 'getPosition': unknown override specifier
C:\Users\sydneylu\source\repos\Test\Character.h(18,22): error C2059: syntax error: '('
C:\Users\sydneylu\source\repos\Test\Character.h(18,24): error C2238: unexpected token(s) preceding ';'
C:\Users\sydneylu\source\repos\Test\Character.h(21,12): error C3646: 'getSpriteBounds': unknown override specifier
C:\Users\sydneylu\source\repos\Test\Character.h(21,27): error C2059: syntax error: '('
C:\Users\sydneylu\source\repos\Test\Character.h(21,29): error C2238: unexpected token(s) preceding ';'
C:\Users\sydneylu\source\repos\Test\Character.h(23,10): error C3646: 'getTexture': unknown override specifier
C:\Users\sydneylu\source\repos\Test\Character.h(23,20): error C2059: syntax error: '('
C:\Users\sydneylu\source\repos\Test\Character.h(23,22): error C2238: unexpected token(s) preceding ';'
C:\Users\sydneylu\source\repos\Test\Character.h(24,23): error C2039: 'string': is not a member of 'std'
C:\Users\sydneylu\source\repos\Test\predefined C++ types (compiler internal)(340): message : see declaration of 'std'
C:\Users\sydneylu\source\repos\Test\Character.h(24,30): error C2061: syntax error: identifier 'string'
C:\Users\sydneylu\source\repos\Test\Character.h(25,9): error C3646: 'getSprite': unknown override specifier
C:\Users\sydneylu\source\repos\Test\Character.h(25,18): error C2059: syntax error: '('
C:\Users\sydneylu\source\repos\Test\Character.h(25,20): error C2238: unexpected token(s) preceding ';'
C:\Users\sydneylu\source\repos\Test\Character.h(27,22): error C2061: syntax error: identifier 'Direction'
C:\Users\sydneylu\source\repos\Test\Character.h(28,12): error C3646: 'getOrientation': unknown override specifier
C:\Users\sydneylu\source\repos\Test\Character.h(28,26): error C2059: syntax error: '('
C:\Users\sydneylu\source\repos\Test\Character.h(28,28): error C2238: unexpected token(s) preceding ';'
C:\Users\sydneylu\source\repos\Test\Character.h(30,11): error C3646: 'updateDirection': unknown override specifier
C:\Users\sydneylu\source\repos\Test\Character.h(30,26): error C2059: syntax error: '('
C:\Users\sydneylu\source\repos\Test\Character.h(30,28): error C2238: unexpected token(s) preceding ';'
C:\Users\sydneylu\source\repos\Test\Character.h(31,11): error C3646: 'zeroDirection': unknown override specifier
C:\Users\sydneylu\source\repos\Test\Character.h(31,24): error C2059: syntax error: '('
C:\Users\sydneylu\source\repos\Test\Character.h(31,26): error C2238: unexpected token(s) preceding ';'
C:\Users\sydneylu\source\repos\Test\Character.h(34,14): error C2061: syntax error: identifier 'Time'
C:\Users\sydneylu\source\repos\Test\Character.h(37,20): error C2061: syntax error: identifier 'Direction'
C:\Users\sydneylu\source\repos\Test\Character.h(38,11): error C3646: 'getDirection': unknown override specifier
C:\Users\sydneylu\source\repos\Test\Character.h(38,23): error C2059: syntax error: '('
C:\Users\sydneylu\source\repos\Test\Character.h(38,25): error C2238: unexpected token(s) preceding ';'
C:\Users\sydneylu\source\repos\Test\Player.h(10,7): error C2039: 'string': is not a member of 'std'
C:\Users\sydneylu\source\repos\Test\predefined C++ types (compiler internal)(340): message : see declaration of 'std'
C:\Users\sydneylu\source\repos\Test\Player.h(10,14): error C3646: 'text_loc': unknown override specifier
C:\Users\sydneylu\source\repos\Test\Player.h(10,23): error C2059: syntax error: '='
C:\Users\sydneylu\source\repos\Test\Player.h(10,48): error C2238: unexpected token(s) preceding ';'
C:\Users\sydneylu\source\repos\Test\Player.h(11,11): error C3646: 'position_': unknown override specifier
C:\Users\sydneylu\source\repos\Test\Player.h(11,20): error C4430: missing type specifier - int assumed. Note: C++ does not support default-int
C:\Users\sydneylu\source\repos\Test\Player.h(14,40): error C2039: 'string': is not a member of 'std'
C:\Users\sydneylu\source\repos\Test\predefined C++ types (compiler internal)(340): message : see declaration of 'std'
C:\Users\sydneylu\source\repos\Test\Player.h(14,8): error C2061: syntax error: identifier 'string'
C:\Users\sydneylu\source\repos\Test\Player.h(17,11): error C3646: 'getPosition': unknown override specifier
C:\Users\sydneylu\source\repos\Test\Player.h(17,22): error C2059: syntax error: '('
C:\Users\sydneylu\source\repos\Test\Player.h(17,24): error C2238: unexpected token(s) preceding ';'
C:\Users\sydneylu\source\repos\Test\Mon.h(10,7): error C2039: 'string': is not a member of 'std'
C:\Users\sydneylu\source\repos\Test\predefined C++ types (compiler internal)(340): message : see declaration of 'std'
C:\Users\sydneylu\source\repos\Test\Mon.h(10,14): error C3646: 'text_loc': unknown override specifier
C:\Users\sydneylu\source\repos\Test\Mon.h(10,23): error C2059: syntax error: '='
C:\Users\sydneylu\source\repos\Test\Mon.h(10,47): error C2238: unexpected token(s) preceding ';'
C:\Users\sydneylu\source\repos\Test\Mon.h(11,8): error C3646: 'state_': unknown override specifier
C:\Users\sydneylu\source\repos\Test\Mon.h(11,14): error C4430: missing type specifier - int assumed. Note: C++ does not support default-int
C:\Users\sydneylu\source\repos\Test\Mon.h(12,12): error C3646: 'hitbox_': unknown override specifier
C:\Users\sydneylu\source\repos\Test\Mon.h(12,19): error C4430: missing type specifier - int assumed. Note: C++ does not support default-int
C:\Users\sydneylu\source\repos\Test\Mon.h(16,37): error C2039: 'string': is not a member of 'std'
C:\Users\sydneylu\source\repos\Test\predefined C++ types (compiler internal)(340): message : see declaration of 'std'
C:\Users\sydneylu\source\repos\Test\Mon.h(16,5): error C2061: syntax error: identifier 'string'
C:\Users\sydneylu\source\repos\Test\Mon.h(17,12): error C3646: 'randDir': unknown override specifier
C:\Users\sydneylu\source\repos\Test\Mon.h(17,19): error C2059: syntax error: '('
C:\Users\sydneylu\source\repos\Test\Mon.h(17,28): error C2238: unexpected token(s) preceding ';'
C:\Users\sydneylu\source\repos\Test\Mon.h(18,16): error C2061: syntax error: identifier 'Time'
C:\Users\sydneylu\source\repos\Test\Mon.h(21,8): error C3646: 'getState': unknown override specifier
C:\Users\sydneylu\source\repos\Test\Mon.h(21,16): error C2059: syntax error: '('
C:\Users\sydneylu\source\repos\Test\Mon.h(21,18): error C2238: unexpected token(s) preceding ';'
C:\Users\sydneylu\source\repos\Test\Mon.h(22,12): error C3646: 'getGlobalHitbox': unknown override specifier
C:\Users\sydneylu\source\repos\Test\Mon.h(22,27): error C2059: syntax error: '('
C:\Users\sydneylu\source\repos\Test\Mon.h(22,29): error C2238: unexpected token(s) preceding ';'
C:\Users\sydneylu\source\repos\Test\Mon.h(23,16): error C2061: syntax error: identifier 'State'
C:\Users\sydneylu\source\repos\Test\Mon.h(24,19): error C2061: syntax error: identifier 'Time'
C:\Users\sydneylu\source\repos\Test\Background.cpp(21,73): warning C4244: 'argument': conversion from 'unsigned int' to 'T', possible loss of data
          with
          [
              T=float
          ]
C:\Users\sydneylu\source\repos\Test\Background.cpp(21,58): warning C4244: 'argument': conversion from 'unsigned int' to 'T', possible loss of data
          with
          [
              T=float
          ]
C:\Users\sydneylu\source\repos\Test\Background.cpp(22,91): warning C4244: 'argument': conversion from 'unsigned int' to 'T', possible loss of data
          with
          [
              T=float
          ]
C:\Users\sydneylu\source\repos\Test\Background.cpp(22,76): warning C4244: 'argument': conversion from 'unsigned int' to 'T', possible loss of data
          with
          [
              T=float
          ]
C:\Users\sydneylu\source\repos\Test\Background.cpp(23,105): warning C4244: 'argument': conversion from 'unsigned int' to 'T', possible loss of data
          with
          [
              T=float
          ]
C:\Users\sydneylu\source\repos\Test\Background.cpp(23,76): warning C4244: 'argument': conversion from 'unsigned int' to 'T', possible loss of data
          with
          [
              T=float
          ]
C:\Users\sydneylu\source\repos\Test\Background.cpp(24,91): warning C4244: 'argument': conversion from 'unsigned int' to 'T', possible loss of data
          with
          [
              T=float
          ]
C:\Users\sydneylu\source\repos\Test\Background.cpp(24,62): warning C4244: 'argument': conversion from 'unsigned int' to 'T', possible loss of data
          with
          [
              T=float
          ]
C:\Users\sydneylu\source\repos\Test\Background.cpp(101,27): error C2039: 'getPosition': is not a member of 'Mon'
C:\Users\sydneylu\source\repos\Test\Mon.h(7): message : see declaration of 'Mon'
C:\Users\sydneylu\source\repos\Test\Background.cpp(105,64): error C2039: 'getDirection': is not a member of 'Mon'
C:\Users\sydneylu\source\repos\Test\Mon.h(7): message : see declaration of 'Mon'
C:\Users\sydneylu\source\repos\Test\Background.cpp(106,64): error C2039: 'getDirection': is not a member of 'Mon'
C:\Users\sydneylu\source\repos\Test\Mon.h(7): message : see declaration of 'Mon'
C:\Users\sydneylu\source\repos\Test\Background.cpp(108,63): error C2660: 'Mon::willCollide': function does not take 3 arguments
C:\Users\sydneylu\source\repos\Test\Mon.h(24,7): message : see declaration of 'Mon::willCollide'
  Mon.cpp
C:\Users\sydneylu\source\repos\Test\Player.h(8,1): error C2504: 'Character': base class undefined
C:\Users\sydneylu\source\repos\Test\Player.h(10,7): error C2039: 'string': is not a member of 'std'
C:\Users\sydneylu\source\repos\Test\predefined C++ types (compiler internal)(340): message : see declaration of 'std'
C:\Users\sydneylu\source\repos\Test\Player.h(10,14): error C3646: 'text_loc': unknown override specifier
C:\Users\sydneylu\source\repos\Test\Player.h(10,23): error C2059: syntax error: '='
C:\Users\sydneylu\source\repos\Test\Player.h(10,48): error C2238: unexpected token(s) preceding ';'
C:\Users\sydneylu\source\repos\Test\Player.h(11,11): error C3646: 'position_': unknown override specifier
C:\Users\sydneylu\source\repos\Test\Player.h(11,20): error C4430: missing type specifier - int assumed. Note: C++ does not support default-int
C:\Users\sydneylu\source\repos\Test\Player.h(14,40): error C2039: 'string': is not a member of 'std'
C:\Users\sydneylu\source\repos\Test\predefined C++ types (compiler internal)(340): message : see declaration of 'std'
C:\Users\sydneylu\source\repos\Test\Player.h(14,8): error C2061: syntax error: identifier 'string'
C:\Users\sydneylu\source\repos\Test\Player.h(17,11): error C3646: 'getPosition': unknown override specifier
C:\Users\sydneylu\source\repos\Test\Player.h(17,22): error C2059: syntax error: '('
C:\Users\sydneylu\source\repos\Test\Player.h(17,24): error C2238: unexpected token(s) preceding ';'
C:\Users\sydneylu\source\repos\Test\Mon.h(8,1): error C2504: 'Character': base class undefined
C:\Users\sydneylu\source\repos\Test\Mon.h(10,7): error C2039: 'string': is not a member of 'std'
C:\Users\sydneylu\source\repos\Test\predefined C++ types (compiler internal)(340): message : see declaration of 'std'
C:\Users\sydneylu\source\repos\Test\Mon.h(10,14): error C3646: 'text_loc': unknown override specifier
C:\Users\sydneylu\source\repos\Test\Mon.h(10,23): error C2059: syntax error: '='
C:\Users\sydneylu\source\repos\Test\Mon.h(10,47): error C2238: unexpected token(s) preceding ';'
C:\Users\sydneylu\source\repos\Test\Mon.h(11,8): error C3646: 'state_': unknown override specifier
C:\Users\sydneylu\source\repos\Test\Mon.h(11,14): error C4430: missing type specifier - int assumed. Note: C++ does not support default-int
C:\Users\sydneylu\source\repos\Test\Mon.h(12,12): error C3646: 'hitbox_': unknown override specifier
C:\Users\sydneylu\source\repos\Test\Mon.h(12,19): error C4430: missing type specifier - int assumed. Note: C++ does not support default-int
C:\Users\sydneylu\source\repos\Test\Mon.h(16,37): error C2039: 'string': is not a member of 'std'
C:\Users\sydneylu\source\repos\Test\predefined C++ types (compiler internal)(340): message : see declaration of 'std'
C:\Users\sydneylu\source\repos\Test\Mon.h(16,5): error C2061: syntax error: identifier 'string'
C:\Users\sydneylu\source\repos\Test\Mon.h(17,12): error C3646: 'randDir': unknown override specifier
C:\Users\sydneylu\source\repos\Test\Mon.h(17,19): error C2059: syntax error: '('
C:\Users\sydneylu\source\repos\Test\Mon.h(17,28): error C2238: unexpected token(s) preceding ';'
C:\Users\sydneylu\source\repos\Test\Mon.h(18,16): error C2061: syntax error: identifier 'Time'
C:\Users\sydneylu\source\repos\Test\Mon.h(21,8): error C3646: 'getState': unknown override specifier
C:\Users\sydneylu\source\repos\Test\Mon.h(21,16): error C2059: syntax error: '('
C:\Users\sydneylu\source\repos\Test\Mon.h(21,18): error C2238: unexpected token(s) preceding ';'
C:\Users\sydneylu\source\repos\Test\Mon.h(22,12): error C3646: 'getGlobalHitbox': unknown override specifier
C:\Users\sydneylu\source\repos\Test\Mon.h(22,27): error C2059: syntax error: '('
C:\Users\sydneylu\source\repos\Test\Mon.h(22,29): error C2238: unexpected token(s) preceding ';'
C:\Users\sydneylu\source\repos\Test\Mon.h(23,16): error C2061: syntax error: identifier 'State'
C:\Users\sydneylu\source\repos\Test\Mon.h(24,19): error C2061: syntax error: identifier 'Time'
C:\Users\sydneylu\source\repos\Test\Background.h(22,14): error C3646: 'background': unknown override specifier
C:\Users\sydneylu\source\repos\Test\Background.h(22,24): error C4430: missing type specifier - int assumed. Note: C++ does not support default-int
C:\Users\sydneylu\source\repos\Test\Background.h(23,10): error C3646: 'ssTrans': unknown override specifier
C:\Users\sydneylu\source\repos\Test\Background.h(23,17): error C4430: missing type specifier - int assumed. Note: C++ does not support default-int
C:\Users\sydneylu\source\repos\Test\Background.h(24,8): error C3646: 'spritesheet': unknown override specifier
C:\Users\sydneylu\source\repos\Test\Background.h(24,19): error C4430: missing type specifier - int assumed. Note: C++ does not support default-int
C:\Users\sydneylu\source\repos\Test\Background.h(25,9): error C3646: 'sprites': unknown override specifier
C:\Users\sydneylu\source\repos\Test\Background.h(25,16): error C2143: syntax error: missing ',' before '['
C:\Users\sydneylu\source\repos\Test\Background.h(25,36): error C2238: unexpected token(s) preceding ';'
C:\Users\sydneylu\source\repos\Test\Background.h(26,12): error C3646: 'hitboxes': unknown override specifier
C:\Users\sydneylu\source\repos\Test\Background.h(26,20): error C2143: syntax error: missing ',' before '['
C:\Users\sydneylu\source\repos\Test\Background.h(26,44): error C2238: unexpected token(s) preceding ';'
C:\Users\sydneylu\source\repos\Test\Background.h(30,22): error C2061: syntax error: identifier 'VertexArray'
C:\Users\sydneylu\source\repos\Test\Background.h(33,14): error C3646: 'getBackground': unknown override specifier
C:\Users\sydneylu\source\repos\Test\Background.h(33,27): error C2059: syntax error: '('
C:\Users\sydneylu\source\repos\Test\Background.h(33,29): error C2238: unexpected token(s) preceding ';'
C:\Users\sydneylu\source\repos\Test\Background.h(34,9): error C2143: syntax error: missing ';' before '&'
C:\Users\sydneylu\source\repos\Test\Background.h(34,9): error C4430: missing type specifier - int assumed. Note: C++ does not support default-int
C:\Users\sydneylu\source\repos\Test\Background.h(34,23): error C2238: unexpected token(s) preceding ';'
C:\Users\sydneylu\source\repos\Test\Background.h(35,8): error C2143: syntax error: missing ';' before '*'
C:\Users\sydneylu\source\repos\Test\Background.h(35,8): error C4430: missing type specifier - int assumed. Note: C++ does not support default-int
C:\Users\sydneylu\source\repos\Test\Background.h(35,22): error C2238: unexpected token(s) preceding ';'
C:\Users\sydneylu\source\repos\Test\Background.h(36,11): error C2143: syntax error: missing ';' before '*'
C:\Users\sydneylu\source\repos\Test\Background.h(36,11): error C4430: missing type specifier - int assumed. Note: C++ does not support default-int
C:\Users\sydneylu\source\repos\Test\Background.h(36,26): error C2238: unexpected token(s) preceding ';'
C:\Users\sydneylu\source\repos\Test\Background.h(37,32): error C2061: syntax error: identifier 'Time'
C:\Users\sydneylu\source\repos\Test\Mon.cpp(5,58): error C2511: 'Mon::Mon(float,float,std::string)': overloaded member function not found in 'Mon'
C:\Users\sydneylu\source\repos\Test\Mon.h(7): message : see declaration of 'Mon'
C:\Users\sydneylu\source\repos\Test\Mon.cpp(6,1): error C2550: 'Mon::{ctor}': constructor initializer lists are only allowed on constructor definitions
C:\Users\sydneylu\source\repos\Test\Mon.cpp(7,13): error C2352: 'Character::setTexture': illegal call of non-static member function
C:\Users\sydneylu\source\repos\Test\Character.h(24): message : see declaration of 'Character::setTexture'
C:\Users\sydneylu\source\repos\Test\Mon.cpp(8,13): error C2352: 'Character::setSprite': illegal call of non-static member function
C:\Users\sydneylu\source\repos\Test\Character.h(26): message : see declaration of 'Character::setSprite'
C:\Users\sydneylu\source\repos\Test\Mon.cpp(9,13): error C2352: 'Character::updatePosition': illegal call of non-static member function
C:\Users\sydneylu\source\repos\Test\Character.h(19): message : see declaration of 'Character::updatePosition'
C:\Users\sydneylu\source\repos\Test\Mon.cpp(10,2): error C2065: 'state_': undeclared identifier
C:\Users\sydneylu\source\repos\Test\Mon.cpp(11,2): error C2597: illegal reference to non-static member 'Mon::stepCounter_'
C:\Users\sydneylu\source\repos\Test\Mon.h(13): message : see declaration of 'Mon::stepCounter_'
C:\Users\sydneylu\source\repos\Test\Mon.cpp(12,2): error C2065: 'hitbox_': undeclared identifier
C:\Users\sydneylu\source\repos\Test\Mon.cpp(12,27): error C3079: an initializer list cannot be used as the right operand of this assignment operator
C:\Users\sydneylu\source\repos\Test\Mon.cpp(13,2): error C3861: 'getGlobalHitbox': identifier not found
C:\Users\sydneylu\source\repos\Test\Mon.cpp(16,16): error C2039: 'getGlobalHitbox': is not a member of 'Mon'
C:\Users\sydneylu\source\repos\Test\Mon.h(7): message : see declaration of 'Mon'
C:\Users\sydneylu\source\repos\Test\Mon.cpp(18,20): error C2352: 'Character::getSprite': illegal call of non-static member function
C:\Users\sydneylu\source\repos\Test\Character.h(25): message : see declaration of 'Character::getSprite'
C:\Users\sydneylu\source\repos\Test\Mon.cpp(18,61): error C2065: 'hitbox_': undeclared identifier
C:\Users\sydneylu\source\repos\Test\Mon.cpp(22,1): error C2511: 'bool Mon::willCollide(sf::Time,sf::Sprite,sf::FloatRect)': overloaded member function not found in 'Mon'
C:\Users\sydneylu\source\repos\Test\Mon.h(7): message : see declaration of 'Mon'
C:\Users\sydneylu\source\repos\Test\Mon.cpp(24,39): error C2352: 'Character::getPosition': illegal call of non-static member function
C:\Users\sydneylu\source\repos\Test\Character.h(18): message : see declaration of 'Character::getPosition'
C:\Users\sydneylu\source\repos\Test\Mon.cpp(24,85): error C2352: 'Character::getSpeed': illegal call of non-static member function
C:\Users\sydneylu\source\repos\Test\Character.h(32): message : see declaration of 'Character::getSpeed'
C:\Users\sydneylu\source\repos\Test\Mon.cpp(24,109): error C2352: 'Character::getDirection': illegal call of non-static member function
C:\Users\sydneylu\source\repos\Test\Character.h(38): message : see declaration of 'Character::getDirection'
C:\Users\sydneylu\source\repos\Test\Mon.cpp(25,14): error C2352: 'Character::getPosition': illegal call of non-static member function
C:\Users\sydneylu\source\repos\Test\Character.h(18): message : see declaration of 'Character::getPosition'
C:\Users\sydneylu\source\repos\Test\Mon.cpp(25,60): error C2352: 'Character::getSpeed': illegal call of non-static member function
C:\Users\sydneylu\source\repos\Test\Character.h(32): message : see declaration of 'Character::getSpeed'
C:\Users\sydneylu\source\repos\Test\Mon.cpp(25,84): error C2352: 'Character::getDirection': illegal call of non-static member function
C:\Users\sydneylu\source\repos\Test\Character.h(38): message : see declaration of 'Character::getDirection'
C:\Users\sydneylu\source\repos\Test\Mon.cpp(24,13): error C2660: 'Character::updatePosition': function does not take 1 arguments
C:\Users\sydneylu\source\repos\Test\Character.h(19,7): message : see declaration of 'Character::updatePosition'
C:\Users\sydneylu\source\repos\Test\Mon.cpp(28,39): error C2352: 'Character::getPosition': illegal call of non-static member function
C:\Users\sydneylu\source\repos\Test\Character.h(18): message : see declaration of 'Character::getPosition'
C:\Users\sydneylu\source\repos\Test\Mon.cpp(28,85): error C2352: 'Character::getSpeed': illegal call of non-static member function
C:\Users\sydneylu\source\repos\Test\Character.h(32): message : see declaration of 'Character::getSpeed'
C:\Users\sydneylu\source\repos\Test\Mon.cpp(28,109): error C2352: 'Character::getDirection': illegal call of non-static member function
C:\Users\sydneylu\source\repos\Test\Character.h(38): message : see declaration of 'Character::getDirection'
C:\Users\sydneylu\source\repos\Test\Mon.cpp(29,14): error C2352: 'Character::getPosition': illegal call of non-static member function
C:\Users\sydneylu\source\repos\Test\Character.h(18): message : see declaration of 'Character::getPosition'
C:\Users\sydneylu\source\repos\Test\Mon.cpp(29,60): error C2352: 'Character::getSpeed': illegal call of non-static member function
C:\Users\sydneylu\source\repos\Test\Character.h(32): message : see declaration of 'Character::getSpeed'
C:\Users\sydneylu\source\repos\Test\Mon.cpp(29,84): error C2352: 'Character::getDirection': illegal call of non-static member function
C:\Users\sydneylu\source\repos\Test\Character.h(38): message : see declaration of 'Character::getDirection'
C:\Users\sydneylu\source\repos\Test\Mon.cpp(28,13): error C2660: 'Character::updatePosition': function does not take 1 arguments
C:\Users\sydneylu\source\repos\Test\Character.h(19,7): message : see declaration of 'Character::updatePosition'
C:\Users\sydneylu\source\repos\Test\Mon.cpp(46,1): error C2511: 'void Mon::setState(State)': overloaded member function not found in 'Mon'
C:\Users\sydneylu\source\repos\Test\Mon.h(7): message : see declaration of 'Mon'
C:\Users\sydneylu\source\repos\Test\Mon.cpp(47,2): error C2065: 'state_': undeclared identifier
C:\Users\sydneylu\source\repos\Test\Mon.cpp(50,12): error C2039: 'getState': is not a member of 'Mon'
C:\Users\sydneylu\source\repos\Test\Mon.h(7): message : see declaration of 'Mon'
C:\Users\sydneylu\source\repos\Test\Mon.cpp(52,9): error C2065: 'state_': undeclared identifier
C:\Users\sydneylu\source\repos\Test\Mon.cpp(56,16): error C2039: 'randDir': is not a member of 'Mon'
C:\Users\sydneylu\source\repos\Test\Mon.h(7): message : see declaration of 'Mon'
C:\Users\sydneylu\source\repos\Test\Mon.cpp(64,1): error C2511: 'int Mon::randSteps(sf::Time)': overloaded member function not found in 'Mon'
C:\Users\sydneylu\source\repos\Test\Mon.h(7): message : see declaration of 'Mon'
C:\Users\sydneylu\source\repos\Test\Mon.cpp(67,2): error C2065: 'state_': undeclared identifier
C:\Users\sydneylu\source\repos\Test\Mon.cpp(69,3): error C2597: illegal reference to non-static member 'Mon::stepCounter_'
C:\Users\sydneylu\source\repos\Test\Mon.h(13): message : see declaration of 'Mon::stepCounter_'
C:\Users\sydneylu\source\repos\Test\Mon.cpp(73,3): error C2597: illegal reference to non-static member 'Mon::stepCounter_'
C:\Users\sydneylu\source\repos\Test\Mon.h(13): message : see declaration of 'Mon::stepCounter_'
C:\Users\sydneylu\source\repos\Test\Mon.cpp(77,3): error C2597: illegal reference to non-static member 'Mon::stepCounter_'
C:\Users\sydneylu\source\repos\Test\Mon.h(13): message : see declaration of 'Mon::stepCounter_'
C:\Users\sydneylu\source\repos\Test\Mon.cpp(81,3): error C2597: illegal reference to non-static member 'Mon::stepCounter_'
C:\Users\sydneylu\source\repos\Test\Mon.h(13): message : see declaration of 'Mon::stepCounter_'
C:\Users\sydneylu\source\repos\Test\Mon.cpp(82,3): error C2065: 'state_': undeclared identifier
  Player.cpp
C:\Users\sydneylu\source\repos\Test\Player.h(8,1): error C2504: 'Character': base class undefined
C:\Users\sydneylu\source\repos\Test\Player.h(10,7): error C2039: 'string': is not a member of 'std'
C:\Users\sydneylu\source\repos\Test\predefined C++ types (compiler internal)(340): message : see declaration of 'std'
C:\Users\sydneylu\source\repos\Test\Player.h(10,14): error C3646: 'text_loc': unknown override specifier
C:\Users\sydneylu\source\repos\Test\Player.h(10,23): error C2059: syntax error: '='
C:\Users\sydneylu\source\repos\Test\Player.h(10,48): error C2238: unexpected token(s) preceding ';'
C:\Users\sydneylu\source\repos\Test\Player.h(11,11): error C3646: 'position_': unknown override specifier
C:\Users\sydneylu\source\repos\Test\Player.h(11,20): error C4430: missing type specifier - int assumed. Note: C++ does not support default-int
C:\Users\sydneylu\source\repos\Test\Player.h(14,40): error C2039: 'string': is not a member of 'std'
C:\Users\sydneylu\source\repos\Test\predefined C++ types (compiler internal)(340): message : see declaration of 'std'
C:\Users\sydneylu\source\repos\Test\Player.h(14,8): error C2061: syntax error: identifier 'string'
C:\Users\sydneylu\source\repos\Test\Player.h(17,11): error C3646: 'getPosition': unknown override specifier
C:\Users\sydneylu\source\repos\Test\Player.h(17,22): error C2059: syntax error: '('
C:\Users\sydneylu\source\repos\Test\Player.h(17,24): error C2238: unexpected token(s) preceding ';'
C:\Users\sydneylu\source\repos\Test\Mon.h(8,1): error C2504: 'Character': base class undefined
C:\Users\sydneylu\source\repos\Test\Mon.h(10,7): error C2039: 'string': is not a member of 'std'
C:\Users\sydneylu\source\repos\Test\predefined C++ types (compiler internal)(340): message : see declaration of 'std'
C:\Users\sydneylu\source\repos\Test\Mon.h(10,14): error C3646: 'text_loc': unknown override specifier
C:\Users\sydneylu\source\repos\Test\Mon.h(10,23): error C2059: syntax error: '='
C:\Users\sydneylu\source\repos\Test\Mon.h(10,47): error C2238: unexpected token(s) preceding ';'
C:\Users\sydneylu\source\repos\Test\Mon.h(11,8): error C3646: 'state_': unknown override specifier
C:\Users\sydneylu\source\repos\Test\Mon.h(11,14): error C4430: missing type specifier - int assumed. Note: C++ does not support default-int
C:\Users\sydneylu\source\repos\Test\Mon.h(12,12): error C3646: 'hitbox_': unknown override specifier
C:\Users\sydneylu\source\repos\Test\Mon.h(12,19): error C4430: missing type specifier - int assumed. Note: C++ does not support default-int
C:\Users\sydneylu\source\repos\Test\Mon.h(16,37): error C2039: 'string': is not a member of 'std'
C:\Users\sydneylu\source\repos\Test\predefined C++ types (compiler internal)(340): message : see declaration of 'std'
C:\Users\sydneylu\source\repos\Test\Mon.h(16,5): error C2061: syntax error: identifier 'string'
C:\Users\sydneylu\source\repos\Test\Mon.h(17,12): error C3646: 'randDir': unknown override specifier
C:\Users\sydneylu\source\repos\Test\Mon.h(17,19): error C2059: syntax error: '('
C:\Users\sydneylu\source\repos\Test\Mon.h(17,28): error C2238: unexpected token(s) preceding ';'
C:\Users\sydneylu\source\repos\Test\Mon.h(18,16): error C2061: syntax error: identifier 'Time'
C:\Users\sydneylu\source\repos\Test\Mon.h(21,8): error C3646: 'getState': unknown override specifier
C:\Users\sydneylu\source\repos\Test\Mon.h(21,16): error C2059: syntax error: '('
C:\Users\sydneylu\source\repos\Test\Mon.h(21,18): error C2238: unexpected token(s) preceding ';'
C:\Users\sydneylu\source\repos\Test\Mon.h(22,12): error C3646: 'getGlobalHitbox': unknown override specifier
C:\Users\sydneylu\source\repos\Test\Mon.h(22,27): error C2059: syntax error: '('
C:\Users\sydneylu\source\repos\Test\Mon.h(22,29): error C2238: unexpected token(s) preceding ';'
C:\Users\sydneylu\source\repos\Test\Mon.h(23,16): error C2061: syntax error: identifier 'State'
C:\Users\sydneylu\source\repos\Test\Mon.h(24,19): error C2061: syntax error: identifier 'Time'
C:\Users\sydneylu\source\repos\Test\Background.h(22,14): error C3646: 'background': unknown override specifier
C:\Users\sydneylu\source\repos\Test\Background.h(22,24): error C4430: missing type specifier - int assumed. Note: C++ does not support default-int
C:\Users\sydneylu\source\repos\Test\Background.h(23,10): error C3646: 'ssTrans': unknown override specifier
C:\Users\sydneylu\source\repos\Test\Background.h(23,17): error C4430: missing type specifier - int assumed. Note: C++ does not support default-int
C:\Users\sydneylu\source\repos\Test\Background.h(24,8): error C3646: 'spritesheet': unknown override specifier
C:\Users\sydneylu\source\repos\Test\Background.h(24,19): error C4430: missing type specifier - int assumed. Note: C++ does not support default-int
C:\Users\sydneylu\source\repos\Test\Background.h(25,9): error C3646: 'sprites': unknown override specifier
C:\Users\sydneylu\source\repos\Test\Background.h(25,16): error C2143: syntax error: missing ',' before '['
C:\Users\sydneylu\source\repos\Test\Background.h(25,36): error C2238: unexpected token(s) preceding ';'
C:\Users\sydneylu\source\repos\Test\Background.h(26,12): error C3646: 'hitboxes': unknown override specifier
C:\Users\sydneylu\source\repos\Test\Background.h(26,20): error C2143: syntax error: missing ',' before '['
C:\Users\sydneylu\source\repos\Test\Background.h(26,44): error C2238: unexpected token(s) preceding ';'
C:\Users\sydneylu\source\repos\Test\Background.h(30,22): error C2061: syntax error: identifier 'VertexArray'
C:\Users\sydneylu\source\repos\Test\Background.h(33,14): error C3646: 'getBackground': unknown override specifier
C:\Users\sydneylu\source\repos\Test\Background.h(33,27): error C2059: syntax error: '('
C:\Users\sydneylu\source\repos\Test\Background.h(33,29): error C2238: unexpected token(s) preceding ';'
C:\Users\sydneylu\source\repos\Test\Background.h(34,9): error C2143: syntax error: missing ';' before '&'
C:\Users\sydneylu\source\repos\Test\Background.h(34,9): error C4430: missing type specifier - int assumed. Note: C++ does not support default-int
C:\Users\sydneylu\source\repos\Test\Background.h(34,23): error C2238: unexpected token(s) preceding ';'
C:\Users\sydneylu\source\repos\Test\Background.h(35,8): error C2143: syntax error: missing ';' before '*'
C:\Users\sydneylu\source\repos\Test\Background.h(35,8): error C4430: missing type specifier - int assumed. Note: C++ does not support default-int
C:\Users\sydneylu\source\repos\Test\Background.h(35,22): error C2238: unexpected token(s) preceding ';'
C:\Users\sydneylu\source\repos\Test\Background.h(36,11): error C2143: syntax error: missing ';' before '*'
C:\Users\sydneylu\source\repos\Test\Background.h(36,11): error C4430: missing type specifier - int assumed. Note: C++ does not support default-int
C:\Users\sydneylu\source\repos\Test\Background.h(36,26): error C2238: unexpected token(s) preceding ';'
C:\Users\sydneylu\source\repos\Test\Background.h(37,32): error C2061: syntax error: identifier 'Time'
C:\Users\sydneylu\source\repos\Test\Player.cpp(4,64): error C2511: 'Player::Player(float,float,std::string)': overloaded member function not found in 'Player'
C:\Users\sydneylu\source\repos\Test\Player.h(7): message : see declaration of 'Player'
C:\Users\sydneylu\source\repos\Test\Player.cpp(5,1): error C2550: 'Player::{ctor}': constructor initializer lists are only allowed on constructor definitions
C:\Users\sydneylu\source\repos\Test\Player.cpp(6,13): error C2352: 'Character::setTexture': illegal call of non-static member function
C:\Users\sydneylu\source\repos\Test\Character.h(24): message : see declaration of 'Character::setTexture'
C:\Users\sydneylu\source\repos\Test\Player.cpp(7,13): error C2352: 'Character::setSprite': illegal call of non-static member function
C:\Users\sydneylu\source\repos\Test\Character.h(26): message : see declaration of 'Character::setSprite'
C:\Users\sydneylu\source\repos\Test\Player.cpp(8,13): error C2352: 'Character::updatePosition': illegal call of non-static member function
C:\Users\sydneylu\source\repos\Test\Character.h(19): message : see declaration of 'Character::updatePosition'
C:\Users\sydneylu\source\repos\Test\Player.cpp(11,18): error C2039: 'getPosition': is not a member of 'Player'
C:\Users\sydneylu\source\repos\Test\Player.h(7): message : see declaration of 'Player'
C:\Users\sydneylu\source\repos\Test\Player.cpp(13,9): error C2065: 'position_': undeclared identifier
  Test.cpp
C:\Users\sydneylu\source\repos\Test\Character.h(7,11): error C3646: 'position_': unknown override specifier
C:\Users\sydneylu\source\repos\Test\Character.h(7,20): error C4430: missing type specifier - int assumed. Note: C++ does not support default-int
C:\Users\sydneylu\source\repos\Test\Character.h(8,10): error C3646: 'texture_': unknown override specifier
C:\Users\sydneylu\source\repos\Test\Character.h(8,18): error C4430: missing type specifier - int assumed. Note: C++ does not support default-int
C:\Users\sydneylu\source\repos\Test\Character.h(11,12): error C3646: 'orientation_': unknown override specifier
C:\Users\sydneylu\source\repos\Test\Character.h(11,25): error C2059: syntax error: '='
C:\Users\sydneylu\source\repos\Test\Character.h(11,31): error C2238: unexpected token(s) preceding ';'
C:\Users\sydneylu\source\repos\Test\Character.h(12,11): error C3646: 'direction': unknown override specifier
C:\Users\sydneylu\source\repos\Test\Character.h(12,21): error C2059: syntax error: '='
C:\Users\sydneylu\source\repos\Test\Character.h(12,23): error C2334: unexpected token(s) preceding '{'; skipping apparent function body
C:\Users\sydneylu\source\repos\Test\Character.h(13,8): error C3646: 'textBack_': unknown override specifier
C:\Users\sydneylu\source\repos\Test\Character.h(13,17): error C4430: missing type specifier - int assumed. Note: C++ does not support default-int
C:\Users\sydneylu\source\repos\Test\Character.h(14,9): error C3646: 'sprite_': unknown override specifier
C:\Users\sydneylu\source\repos\Test\Character.h(14,16): error C4430: missing type specifier - int assumed. Note: C++ does not support default-int
C:\Users\sydneylu\source\repos\Test\Character.h(17,53): error C2039: 'string': is not a member of 'std'
C:\Users\sydneylu\source\repos\Test\predefined C++ types (compiler internal)(340): message : see declaration of 'std'
C:\Users\sydneylu\source\repos\Test\Character.h(17,11): error C4430: missing type specifier - int assumed. Note: C++ does not support default-int
C:\Users\sydneylu\source\repos\Test\Character.h(17,60): error C2146: syntax error: missing ')' before identifier 'img_loc'
C:\Users\sydneylu\source\repos\Test\Character.h(17,60): error C3646: 'img_loc': unknown override specifier
C:\Users\sydneylu\source\repos\Test\Character.h(17,11): error C2059: syntax error: ')'
C:\Users\sydneylu\source\repos\Test\Character.h(18,11): error C3646: 'getPosition': unknown override specifier
C:\Users\sydneylu\source\repos\Test\Character.h(18,22): error C2059: syntax error: '('
C:\Users\sydneylu\source\repos\Test\Character.h(18,24): error C2238: unexpected token(s) preceding ';'
C:\Users\sydneylu\source\repos\Test\Character.h(21,12): error C3646: 'getSpriteBounds': unknown override specifier
C:\Users\sydneylu\source\repos\Test\Character.h(21,27): error C2059: syntax error: '('
C:\Users\sydneylu\source\repos\Test\Character.h(21,29): error C2238: unexpected token(s) preceding ';'
C:\Users\sydneylu\source\repos\Test\Character.h(23,10): error C3646: 'getTexture': unknown override specifier
C:\Users\sydneylu\source\repos\Test\Character.h(23,20): error C2059: syntax error: '('
C:\Users\sydneylu\source\repos\Test\Character.h(23,22): error C2238: unexpected token(s) preceding ';'
C:\Users\sydneylu\source\repos\Test\Character.h(24,23): error C2039: 'string': is not a member of 'std'
C:\Users\sydneylu\source\repos\Test\predefined C++ types (compiler internal)(340): message : see declaration of 'std'
C:\Users\sydneylu\source\repos\Test\Character.h(24,30): error C2061: syntax error: identifier 'string'
C:\Users\sydneylu\source\repos\Test\Character.h(25,9): error C3646: 'getSprite': unknown override specifier
C:\Users\sydneylu\source\repos\Test\Character.h(25,18): error C2059: syntax error: '('
C:\Users\sydneylu\source\repos\Test\Character.h(25,20): error C2238: unexpected token(s) preceding ';'
C:\Users\sydneylu\source\repos\Test\Character.h(27,22): error C2061: syntax error: identifier 'Direction'
C:\Users\sydneylu\source\repos\Test\Character.h(28,12): error C3646: 'getOrientation': unknown override specifier
C:\Users\sydneylu\source\repos\Test\Character.h(28,26): error C2059: syntax error: '('
C:\Users\sydneylu\source\repos\Test\Character.h(28,28): error C2238: unexpected token(s) preceding ';'
C:\Users\sydneylu\source\repos\Test\Character.h(30,11): error C3646: 'updateDirection': unknown override specifier
C:\Users\sydneylu\source\repos\Test\Character.h(30,26): error C2059: syntax error: '('
C:\Users\sydneylu\source\repos\Test\Character.h(30,28): error C2238: unexpected token(s) preceding ';'
C:\Users\sydneylu\source\repos\Test\Character.h(31,11): error C3646: 'zeroDirection': unknown override specifier
C:\Users\sydneylu\source\repos\Test\Character.h(31,24): error C2059: syntax error: '('
C:\Users\sydneylu\source\repos\Test\Character.h(31,26): error C2238: unexpected token(s) preceding ';'
C:\Users\sydneylu\source\repos\Test\Character.h(34,14): error C2061: syntax error: identifier 'Time'
C:\Users\sydneylu\source\repos\Test\Character.h(37,20): error C2061: syntax error: identifier 'Direction'
C:\Users\sydneylu\source\repos\Test\Character.h(38,11): error C3646: 'getDirection': unknown override specifier
C:\Users\sydneylu\source\repos\Test\Character.h(38,23): error C2059: syntax error: '('
C:\Users\sydneylu\source\repos\Test\Character.h(38,25): error C2238: unexpected token(s) preceding ';'
C:\Users\sydneylu\source\repos\Test\Player.h(10,7): error C2039: 'string': is not a member of 'std'
C:\Users\sydneylu\source\repos\Test\predefined C++ types (compiler internal)(340): message : see declaration of 'std'
C:\Users\sydneylu\source\repos\Test\Player.h(10,14): error C3646: 'text_loc': unknown override specifier
C:\Users\sydneylu\source\repos\Test\Player.h(10,23): error C2059: syntax error: '='
C:\Users\sydneylu\source\repos\Test\Player.h(10,48): error C2238: unexpected token(s) preceding ';'
C:\Users\sydneylu\source\repos\Test\Player.h(11,11): error C3646: 'position_': unknown override specifier
C:\Users\sydneylu\source\repos\Test\Player.h(11,20): error C4430: missing type specifier - int assumed. Note: C++ does not support default-int
C:\Users\sydneylu\source\repos\Test\Player.h(14,40): error C2039: 'string': is not a member of 'std'
C:\Users\sydneylu\source\repos\Test\predefined C++ types (compiler internal)(340): message : see declaration of 'std'
C:\Users\sydneylu\source\repos\Test\Player.h(14,8): error C2061: syntax error: identifier 'string'
C:\Users\sydneylu\source\repos\Test\Player.h(17,11): error C3646: 'getPosition': unknown override specifier
C:\Users\sydneylu\source\repos\Test\Player.h(17,22): error C2059: syntax error: '('
C:\Users\sydneylu\source\repos\Test\Player.h(17,24): error C2238: unexpected token(s) preceding ';'
C:\Users\sydneylu\source\repos\Test\Mon.h(10,7): error C2039: 'string': is not a member of 'std'
C:\Users\sydneylu\source\repos\Test\predefined C++ types (compiler internal)(340): message : see declaration of 'std'
C:\Users\sydneylu\source\repos\Test\Mon.h(10,14): error C3646: 'text_loc': unknown override specifier
C:\Users\sydneylu\source\repos\Test\Mon.h(10,23): error C2059: syntax error: '='
C:\Users\sydneylu\source\repos\Test\Mon.h(10,47): error C2238: unexpected token(s) preceding ';'
C:\Users\sydneylu\source\repos\Test\Mon.h(11,8): error C3646: 'state_': unknown override specifier
C:\Users\sydneylu\source\repos\Test\Mon.h(11,14): error C4430: missing type specifier - int assumed. Note: C++ does not support default-int
C:\Users\sydneylu\source\repos\Test\Mon.h(12,12): error C3646: 'hitbox_': unknown override specifier
C:\Users\sydneylu\source\repos\Test\Mon.h(12,19): error C4430: missing type specifier - int assumed. Note: C++ does not support default-int
C:\Users\sydneylu\source\repos\Test\Mon.h(16,37): error C2039: 'string': is not a member of 'std'
C:\Users\sydneylu\source\repos\Test\predefined C++ types (compiler internal)(340): message : see declaration of 'std'
C:\Users\sydneylu\source\repos\Test\Mon.h(16,5): error C2061: syntax error: identifier 'string'
C:\Users\sydneylu\source\repos\Test\Mon.h(17,12): error C3646: 'randDir': unknown override specifier
C:\Users\sydneylu\source\repos\Test\Mon.h(17,19): error C2059: syntax error: '('
C:\Users\sydneylu\source\repos\Test\Mon.h(17,28): error C2238: unexpected token(s) preceding ';'
C:\Users\sydneylu\source\repos\Test\Mon.h(18,16): error C2061: syntax error: identifier 'Time'
C:\Users\sydneylu\source\repos\Test\Mon.h(21,8): error C3646: 'getState': unknown override specifier
C:\Users\sydneylu\source\repos\Test\Mon.h(21,16): error C2059: syntax error: '('
C:\Users\sydneylu\source\repos\Test\Mon.h(21,18): error C2238: unexpected token(s) preceding ';'
C:\Users\sydneylu\source\repos\Test\Mon.h(22,12): error C3646: 'getGlobalHitbox': unknown override specifier
C:\Users\sydneylu\source\repos\Test\Mon.h(22,27): error C2059: syntax error: '('
C:\Users\sydneylu\source\repos\Test\Mon.h(22,29): error C2238: unexpected token(s) preceding ';'
C:\Users\sydneylu\source\repos\Test\Mon.h(23,16): error C2061: syntax error: identifier 'State'
C:\Users\sydneylu\source\repos\Test\Mon.h(24,19): error C2061: syntax error: identifier 'Time'
C:\Users\sydneylu\source\repos\Test\Background.h(22,14): error C3646: 'background': unknown override specifier
C:\Users\sydneylu\source\repos\Test\Background.h(22,24): error C4430: missing type specifier - int assumed. Note: C++ does not support default-int
C:\Users\sydneylu\source\repos\Test\Background.h(23,10): error C3646: 'ssTrans': unknown override specifier
C:\Users\sydneylu\source\repos\Test\Background.h(23,17): error C4430: missing type specifier - int assumed. Note: C++ does not support default-int
C:\Users\sydneylu\source\repos\Test\Background.h(24,8): error C3646: 'spritesheet': unknown override specifier
C:\Users\sydneylu\source\repos\Test\Background.h(24,19): error C4430: missing type specifier - int assumed. Note: C++ does not support default-int
C:\Users\sydneylu\source\repos\Test\Background.h(25,9): error C3646: 'sprites': unknown override specifier
C:\Users\sydneylu\source\repos\Test\Background.h(25,16): error C2143: syntax error: missing ',' before '['
C:\Users\sydneylu\source\repos\Test\Background.h(25,36): error C2238: unexpected token(s) preceding ';'
C:\Users\sydneylu\source\repos\Test\Background.h(26,12): error C3646: 'hitboxes': unknown override specifier
C:\Users\sydneylu\source\repos\Test\Background.h(26,20): error C2143: syntax error: missing ',' before '['
C:\Users\sydneylu\source\repos\Test\Background.h(26,44): error C2238: unexpected token(s) preceding ';'
C:\Users\sydneylu\source\repos\Test\Background.h(30,22): error C2061: syntax error: identifier 'VertexArray'
C:\Users\sydneylu\source\repos\Test\Background.h(33,14): error C3646: 'getBackground': unknown override specifier
C:\Users\sydneylu\source\repos\Test\Background.h(33,27): error C2059: syntax error: '('
C:\Users\sydneylu\source\repos\Test\Background.h(33,29): error C2238: unexpected token(s) preceding ';'
C:\Users\sydneylu\source\repos\Test\Background.h(34,9): error C2143: syntax error: missing ';' before '&'
C:\Users\sydneylu\source\repos\Test\Background.h(34,9): error C4430: missing type specifier - int assumed. Note: C++ does not support default-int
C:\Users\sydneylu\source\repos\Test\Background.h(34,23): error C2238: unexpected token(s) preceding ';'
C:\Users\sydneylu\source\repos\Test\Background.h(35,8): error C2143: syntax error: missing ';' before '*'
C:\Users\sydneylu\source\repos\Test\Background.h(35,8): error C4430: missing type specifier - int assumed. Note: C++ does not support default-int
C:\Users\sydneylu\source\repos\Test\Background.h(35,22): error C2238: unexpected token(s) preceding ';'
C:\Users\sydneylu\source\repos\Test\Background.h(36,11): error C2143: syntax error: missing ';' before '*'
C:\Users\sydneylu\source\repos\Test\Background.h(36,11): error C4430: missing type specifier - int assumed. Note: C++ does not support default-int
C:\Users\sydneylu\source\repos\Test\Background.h(36,26): error C2238: unexpected token(s) preceding ';'
C:\Users\sydneylu\source\repos\Test\Background.h(37,32): error C2061: syntax error: identifier 'Time'
C:\Users\sydneylu\source\repos\Test\Test.cpp(22,84): error C2440: '<function-style-cast>': cannot convert from 'initializer list' to 'Mon'
C:\Users\sydneylu\source\repos\Test\Test.cpp(22,84): message : No constructor could take the source type, or constructor overload resolution was ambiguous
C:\Users\sydneylu\source\repos\Test\Test.cpp(22,15): error C2512: 'Mon': no appropriate default constructor available
C:\Users\sydneylu\source\repos\Test\Mon.h(7,7): message : see declaration of 'Mon'
C:\Users\sydneylu\source\repos\Test\Test.cpp(132,43): error C2660: 'Mon::randSteps': function does not take 1 arguments
C:\Users\sydneylu\source\repos\Test\Mon.h(18,6): message : see declaration of 'Mon::randSteps'
C:\Users\sydneylu\source\repos\Test\Test.cpp(133,35): error C2039: 'randDir': is not a member of 'Mon'
C:\Users\sydneylu\source\repos\Test\Mon.h(7): message : see declaration of 'Mon'
C:\Users\sydneylu\source\repos\Test\Test.cpp(135,39): error C2660: 'Character::setDirection': function does not take 1 arguments
C:\Users\sydneylu\source\repos\Test\Character.h(37,7): message : see declaration of 'Character::setDirection'
C:\Users\sydneylu\source\repos\Test\Test.cpp(136,41): error C2660: 'Character::setOrientation': function does not take 1 arguments
C:\Users\sydneylu\source\repos\Test\Character.h(27,7): message : see declaration of 'Character::setOrientation'
C:\Users\sydneylu\source\repos\Test\Test.cpp(145,43): error C2660: 'Character::setDirection': function does not take 1 arguments
C:\Users\sydneylu\source\repos\Test\Character.h(37,7): message : see declaration of 'Character::setDirection'
C:\Users\sydneylu\source\repos\Test\Test.cpp(146,45): error C2660: 'Character::setOrientation': function does not take 1 arguments
C:\Users\sydneylu\source\repos\Test\Test.cpp(146,45): fatal error C1003: error count exceeds 100; stopping compilation
  Generating Code...
